<?xml version="1.0" encoding="UTF-8"?>
<!-- Generated by org.testng.reporters.JUnitReportReporter -->
<testsuite hostname="DESKTOP-FKCOGVL" failures="0" tests="1" name="log4j.Log4j_Tutorial" time="3.071" errors="0" timestamp="2023-11-08T09:54:25 IST" skipped="0">
  <testcase classname="log4j.Log4j_Tutorial" name="googlesearch" time="3.071"/>
  <system-out/>
</testsuite> <!-- log4j.Log4j_Tutorial -->
