<?xml version="1.0" encoding="UTF-8"?>
<!-- Generated by org.testng.reporters.JUnitReportReporter -->
<testsuite hostname="DESKTOP-FKCOGVL" failures="0" tests="3" name="testNG.TestNG_4_Run_XML_File" time="4.338" errors="0" timestamp="2023-11-01T06:41:12 IST" skipped="0">
  <testcase classname="testNG.TestNG_4_Run_XML_File" name="gmail" time="2.254"/>
  <system-out/>
  <testcase classname="testNG.TestNG_4_Run_XML_File" name="facebook" time="1.243"/>
  <system-out/>
  <testcase classname="testNG.TestNG_4_Run_XML_File" name="selenium" time="0.841"/>
  <system-out/>
</testsuite> <!-- testNG.TestNG_4_Run_XML_File -->
