<?xml version="1.0" encoding="UTF-8"?>
<!-- Generated by org.testng.reporters.JUnitReportReporter -->
<testsuite hostname="DESKTOP-FKCOGVL" failures="0" tests="1" name="testNG.TestNG_DropDownSelection" time="10.728" errors="0" timestamp="2023-11-02T08:51:02 IST" skipped="0">
  <testcase classname="testNG.TestNG_DropDownSelection" name="dropdownselection" time="10.728"/>
  <system-out/>
</testsuite> <!-- testNG.TestNG_DropDownSelection -->
