<?xml version="1.0" encoding="UTF-8"?>
<!-- Generated by org.testng.reporters.JUnitReportReporter -->
<testsuite hostname="DESKTOP-FKCOGVL" failures="0" tests="3" name="testNG.TestNG_3_DependsOnMethod" time="3.773" errors="0" timestamp="2023-10-31T08:48:11 IST" skipped="0">
  <testcase classname="testNG.TestNG_3_DependsOnMethod" name="selenium" time="1.198"/>
  <system-out/>
  <testcase classname="testNG.TestNG_3_DependsOnMethod" name="gmail" time="1.769"/>
  <system-out/>
  <testcase classname="testNG.TestNG_3_DependsOnMethod" name="facebook" time="0.806"/>
  <system-out/>
</testsuite> <!-- testNG.TestNG_3_DependsOnMethod -->
