<?xml version="1.0" encoding="UTF-8"?>
<!-- Generated by org.testng.reporters.JUnitReportReporter -->
<testsuite hostname="DESKTOP-FKCOGVL" failures="0" tests="4" name="testNG.TestNG_5_Groups" time="6.520" errors="0" timestamp="2023-11-01T22:29:17 IST" skipped="0">
  <testcase classname="testNG.TestNG_5_Groups" name="redmine" time="2.888"/>
  <system-out/>
  <testcase classname="testNG.TestNG_5_Groups" name="swiggy" time="1.292"/>
  <system-out/>
  <testcase classname="testNG.TestNG_5_Groups" name="selenium" time="0.985"/>
  <system-out/>
  <testcase classname="testNG.TestNG_5_Groups" name="zomato" time="1.355"/>
  <system-out/>
</testsuite> <!-- testNG.TestNG_5_Groups -->
