<?xml version="1.0" encoding="UTF-8"?>
<!-- Generated by org.testng.reporters.JUnitReportReporter -->
<testsuite hostname="DESKTOP-FKCOGVL" failures="0" tests="1" name="scrolldown_up.ScrollDown_Up" time="7.060" errors="0" timestamp="2023-11-10T09:18:23 IST" skipped="0">
  <testcase classname="scrolldown_up.ScrollDown_Up" name="scrollDown" time="7.060"/>
  <system-out/>
</testsuite> <!-- scrolldown_up.ScrollDown_Up -->
