<?xml version="1.0" encoding="UTF-8"?>
<!-- Generated by org.testng.reporters.JUnitReportReporter -->
<testsuite hostname="DESKTOP-FKCOGVL" failures="0" tests="3" name="testNG.TestNG_2_AlphabeticalOrder" time="4.690" errors="0" timestamp="2023-11-01T06:41:12 IST" skipped="0">
  <testcase classname="testNG.TestNG_2_AlphabeticalOrder" name="selenium" time="0.847"/>
  <system-out/>
  <testcase classname="testNG.TestNG_2_AlphabeticalOrder" name="twitter" time="2.567"/>
  <system-out/>
  <testcase classname="testNG.TestNG_2_AlphabeticalOrder" name="facebook" time="1.276"/>
  <system-out/>
</testsuite> <!-- testNG.TestNG_2_AlphabeticalOrder -->
